[debug] [2021-06-25T16:24:47.012Z] ----------------------------------------------------------------------
[debug] [2021-06-25T16:24:47.015Z] Command:       C:\Ferramentas\Nodejs\node.exe C:\Users\jorge\AppData\Roaming\npm\node_modules\firebase-tools\lib\bin\firebase.js init
[debug] [2021-06-25T16:24:47.015Z] CLI Version:   9.14.0
[debug] [2021-06-25T16:24:47.015Z] Platform:      win32
[debug] [2021-06-25T16:24:47.016Z] Node Version:  v14.16.1
[debug] [2021-06-25T16:24:47.017Z] Time:          Fri Jun 25 2021 13:24:47 GMT-0300 (Horário Padrão de Brasília)
[debug] [2021-06-25T16:24:47.017Z] ----------------------------------------------------------------------
[debug] 
[debug] [2021-06-25T16:24:47.025Z] > command requires scopes: ["email","openid","https://www.googleapis.com/auth/cloudplatformprojects.readonly","https://www.googleapis.com/auth/firebase","https://www.googleapis.com/auth/cloud-platform"]
[debug] [2021-06-25T16:24:47.025Z] > authorizing via signed-in user (jorgehenriquedasilva2014@gmail.com)
[info] 
     ######## #### ########  ######## ########     ###     ######  ########
     ##        ##  ##     ## ##       ##     ##  ##   ##  ##       ##
     ######    ##  ########  ######   ########  #########  ######  ######
     ##        ##  ##    ##  ##       ##     ## ##     ##       ## ##
     ##       #### ##     ## ######## ########  ##     ##  ######  ########

You're about to initialize a Firebase project in this directory:

  C:\Users\jorge\projetos\aulas\letmeask

[info] 
=== Project Setup
[info] 
[info] First, let's associate this project directory with a Firebase project.
[info] You can create multiple project aliases by running firebase use --add, 
[info] but for now we'll just set up a default project.
[info] 
[debug] [2021-06-25T16:25:57.020Z] >>> [apiv2][query] GET https://firebase.googleapis.com/v1beta1/projects pageSize=100
[debug] [2021-06-25T16:25:58.167Z] <<< [apiv2][status] GET https://firebase.googleapis.com/v1beta1/projects 200
[debug] [2021-06-25T16:25:58.167Z] <<< [apiv2][body] GET https://firebase.googleapis.com/v1beta1/projects [omitted]
[info] i  Using project letmeask-a2f1f (letmeask) 
[info] 
=== Database Setup
[info] i  database: ensuring required API firebasedatabase.googleapis.com is enabled... 
[debug] [2021-06-25T16:26:07.870Z] > refreshing access token with scopes: ["email","https://www.googleapis.com/auth/cloud-platform","https://www.googleapis.com/auth/cloudplatformprojects.readonly","https://www.googleapis.com/auth/firebase","openid"]
[debug] [2021-06-25T16:26:07.870Z] >>> HTTP REQUEST POST https://www.googleapis.com/oauth2/v3/token  
 <request body omitted>
[debug] [2021-06-25T16:26:08.149Z] <<< HTTP RESPONSE 200 {"expires":"Mon, 01 Jan 1990 00:00:00 GMT","cache-control":"no-cache, no-store, max-age=0, must-revalidate","pragma":"no-cache","date":"Fri, 25 Jun 2021 16:26:09 GMT","content-type":"application/json; charset=utf-8","vary":"X-Origin, Referer, Origin,Accept-Encoding","server":"scaffolding on HTTPServer2","x-xss-protection":"0","x-frame-options":"SAMEORIGIN","x-content-type-options":"nosniff","alt-svc":"h3=\":443\"; ma=2592000,h3-29=\":443\"; ma=2592000,h3-T051=\":443\"; ma=2592000,h3-Q050=\":443\"; ma=2592000,h3-Q046=\":443\"; ma=2592000,h3-Q043=\":443\"; ma=2592000,quic=\":443\"; ma=2592000; v=\"46,43\"","accept-ranges":"none","transfer-encoding":"chunked"}
[debug] [2021-06-25T16:26:08.166Z] >>> HTTP REQUEST GET https://serviceusage.googleapis.com/v1/projects/letmeask-a2f1f/services/firebasedatabase.googleapis.com  
 
[debug] [2021-06-25T16:26:09.274Z] <<< HTTP RESPONSE 200 {"content-type":"application/json; charset=UTF-8","vary":"X-Origin, Referer, Origin,Accept-Encoding","date":"Fri, 25 Jun 2021 16:26:10 GMT","server":"ESF","cache-control":"private","x-xss-protection":"0","x-frame-options":"SAMEORIGIN","x-content-type-options":"nosniff","alt-svc":"h3=\":443\"; ma=2592000,h3-29=\":443\"; ma=2592000,h3-T051=\":443\"; ma=2592000,h3-Q050=\":443\"; ma=2592000,h3-Q046=\":443\"; ma=2592000,h3-Q043=\":443\"; ma=2592000,quic=\":443\"; ma=2592000; v=\"46,43\"","accept-ranges":"none","transfer-encoding":"chunked"}
[info] +  database: required API firebasedatabase.googleapis.com is enabled 
[info] 
[debug] [2021-06-25T16:26:09.275Z] >>> HTTP REQUEST GET https://firebasedatabase.googleapis.com/v1beta/projects/letmeask-a2f1f/locations/-/instances/letmeask-a2f1f-default-rtdb  
 
[debug] [2021-06-25T16:26:10.534Z] <<< HTTP RESPONSE 200 {"content-type":"application/json; charset=UTF-8","vary":"X-Origin, Referer, Origin,Accept-Encoding","date":"Fri, 25 Jun 2021 16:26:11 GMT","server":"ESF","cache-control":"private","x-xss-protection":"0","x-frame-options":"SAMEORIGIN","x-content-type-options":"nosniff","alt-svc":"h3=\":443\"; ma=2592000,h3-29=\":443\"; ma=2592000,h3-T051=\":443\"; ma=2592000,h3-Q050=\":443\"; ma=2592000,h3-Q046=\":443\"; ma=2592000,h3-Q043=\":443\"; ma=2592000,quic=\":443\"; ma=2592000; v=\"46,43\"","accept-ranges":"none","transfer-encoding":"chunked"}
[info] 
[info] Firebase Realtime Database Security Rules allow you to define how your data should be
[info] structured and when your data can be read from and written to.
[info] 
[debug] [2021-06-25T16:26:25.513Z] >>> HTTP REQUEST GET https://letmeask-a2f1f-default-rtdb.firebaseio.com/.settings/rules.json  
 
[debug] [2021-06-25T16:26:26.111Z] <<< HTTP RESPONSE 200 {"server":"nginx","date":"Fri, 25 Jun 2021 16:26:27 GMT","content-type":"application/json; charset=utf-8","content-length":"569","connection":"keep-alive","access-control-allow-origin":"*","cache-control":"no-cache","strict-transport-security":"max-age=31556926; includeSubDomains; preload"}
[info] +  Database Rules for letmeask-a2f1f-default-rtdb have been written to database.rules.json. 
[info] Future modifications to database.rules.json will update Realtime Database Security Rules when you run
[info] firebase deploy.
[info] 
=== Hosting Setup
[info] 
[info] Your public directory is the folder (relative to your project directory) that
[info] will contain Hosting assets to be uploaded with firebase deploy. If you
[info] have a build process for your assets, use your build's output directory.
[info] 
[debug] [2021-06-25T16:27:36.937Z] >>> [apiv2][query] GET https://www.gstatic.com/firebasejs/releases.json [none]
[debug] [2021-06-25T16:27:37.116Z] <<< [apiv2][status] GET https://www.gstatic.com/firebasejs/releases.json 200
[debug] [2021-06-25T16:27:37.116Z] <<< [apiv2][body] GET https://www.gstatic.com/firebasejs/releases.json {"current":{"version":"8.6.8","browserURL":"https://www.gstatic.com/firebasejs/8.6.8/firebase.js","packageURL":"https://www.gstatic.com/firebasejs/8.6.8/firebase.tgz"},"live":{"version":"8.6","browserURL":"https://www.gstatic.com/firebasejs/live/8.6/firebase.js","packageURL":"https://www.gstatic.com/firebasejs/live/8.6/firebase.tgz"},"components":{"analytics":"https://www.gstatic.com/firebasejs/8.6.8/firebase-analytics.js","app":"https://www.gstatic.com/firebasejs/8.6.8/firebase-app.js","app-check":"https://www.gstatic.com/firebasejs/8.6.8/firebase-app-check.js","auth":"https://www.gstatic.com/firebasejs/8.6.8/firebase-auth.js","database":"https://www.gstatic.com/firebasejs/8.6.8/firebase-database.js","firestore":"https://www.gstatic.com/firebasejs/8.6.8/firebase-firestore.js","functions":"https://www.gstatic.com/firebasejs/8.6.8/firebase-functions.js","installations":"https://www.gstatic.com/firebasejs/8.6.8/firebase-installations.js","messaging":"https://www.gstatic.com/firebasejs/8.6.8/firebase-messaging.js","storage":"https://www.gstatic.com/firebasejs/8.6.8/firebase-storage.js","performance":"https://www.gstatic.com/firebasejs/8.6.8/firebase-performance.js","remote-config":"https://www.gstatic.com/firebasejs/8.6.8/firebase-remote-config.js","firestore.memory":"https://www.gstatic.com/firebasejs/8.6.8/firebase-firestore.memory.js"}}
[info] +  Wrote build/index.html 
[info] 
[info] i  Detected a .git folder at C:\Users\jorge\projetos\aulas\letmeask 
[info] i  Authorizing with GitHub to upload your service account to a GitHub repository's secrets store. 
[info] 
[info] Visit this URL on this device to log in:
[info] https://github.com/login/oauth/authorize?client_id=89cf50f02ac6aaed3484&state=886165546&redirect_uri=http%3A%2F%2Flocalhost%3A9005&scope=read%3Auser%20repo%20public_repo
[info] 
[info] Waiting for authentication...
[debug] [2021-06-25T16:27:57.157Z] >>> HTTP REQUEST POST https://github.com/login/oauth/access_token  
 {"client_id":"89cf50f02ac6aaed3484","client_secret":"3330d14abc895d9a74d5f17cd7a00711fa2c5bf0","code":"c696c4c216e0ba93d890","redirect_uri":"http://localhost:9005","state":"886165546"}
[debug] [2021-06-25T16:27:57.732Z] <<< HTTP RESPONSE 200 {"server":"GitHub.com","date":"Fri, 25 Jun 2021 16:27:58 GMT","content-type":"application/json; charset=utf-8","transfer-encoding":"chunked","vary":"X-PJAX, Accept-Encoding, Accept, X-Requested-With","permissions-policy":"interest-cohort=()","etag":"W/\"cec4fc0c1270e53e8e555fd8b2562767\"","cache-control":"max-age=0, private, must-revalidate","strict-transport-security":"max-age=31536000; includeSubdomains; preload","x-frame-options":"deny","x-content-type-options":"nosniff","x-xss-protection":"0","referrer-policy":"origin-when-cross-origin, strict-origin-when-cross-origin","expect-ct":"max-age=2592000, report-uri=\"https://api.github.com/_private/browser/errors\"","content-security-policy":"default-src 'none'; base-uri 'self'; block-all-mixed-content; connect-src 'self' uploads.github.com www.githubstatus.com collector.githubapp.com api.github.com github-cloud.s3.amazonaws.com github-production-repository-file-5c1aeb.s3.amazonaws.com github-production-upload-manifest-file-7fdce7.s3.amazonaws.com github-production-user-asset-6210df.s3.amazonaws.com cdn.optimizely.com logx.optimizely.com/v1/events translator.github.com wss://alive.github.com; font-src github.githubassets.com; form-action 'self' github.com gist.github.com; frame-ancestors 'none'; frame-src render.githubusercontent.com render-temp.githubusercontent.com viewscreen.githubusercontent.com; img-src 'self' data: github.githubassets.com identicons.github.com collector.githubapp.com github-cloud.s3.amazonaws.com secured-user-images.githubusercontent.com/ *.githubusercontent.com; manifest-src 'self'; media-src 'none'; script-src github.githubassets.com; style-src 'unsafe-inline' github.githubassets.com; worker-src github.com/socket-worker-3f088aa2.js gist.github.com/socket-worker-3f088aa2.js","x-github-request-id":"DC7E:6EC7:34DA0E2:4A7D73E:60D6040E"}
[debug] [2021-06-25T16:27:57.735Z] >>> [apiv2][query] GET https://api.github.com/user [none]
[debug] [2021-06-25T16:27:58.370Z] <<< [apiv2][status] GET https://api.github.com/user 200
[debug] [2021-06-25T16:27:58.370Z] <<< [apiv2][body] GET https://api.github.com/user {"login":"Melguis","id":79412756,"node_id":"MDQ6VXNlcjc5NDEyNzU2","avatar_url":"https://avatars.githubusercontent.com/u/79412756?v=4","gravatar_id":"","url":"https://api.github.com/users/Melguis","html_url":"https://github.com/Melguis","followers_url":"https://api.github.com/users/Melguis/followers","following_url":"https://api.github.com/users/Melguis/following{/other_user}","gists_url":"https://api.github.com/users/Melguis/gists{/gist_id}","starred_url":"https://api.github.com/users/Melguis/starred{/owner}{/repo}","subscriptions_url":"https://api.github.com/users/Melguis/subscriptions","organizations_url":"https://api.github.com/users/Melguis/orgs","repos_url":"https://api.github.com/users/Melguis/repos","events_url":"https://api.github.com/users/Melguis/events{/privacy}","received_events_url":"https://api.github.com/users/Melguis/received_events","type":"User","site_admin":false,"name":"Jorge Henrique","company":null,"blog":"","location":null,"email":null,"hireable":true,"bio":null,"twitter_username":null,"public_repos":3,"public_gists":0,"followers":0,"following":0,"created_at":"2021-02-21T15:54:56Z","updated_at":"2021-06-25T16:27:58Z","private_gists":0,"total_private_repos":0,"owned_private_repos":0,"disk_usage":2,"collaborators":0,"two_factor_authentication":false,"plan":{"name":"free","space":976562499,"collaborators":0,"private_repos":10000}}
[info] 
[info] +  Success! Logged into GitHub as Melguis 
[info] 
[debug] [2021-06-25T16:30:20.981Z] >>> [apiv2][query] GET https://api.github.com/repos/user/jorge/repository/letmeask/actions/secrets/public-key type=owner
[debug] [2021-06-25T16:30:21.654Z] <<< [apiv2][status] GET https://api.github.com/repos/user/jorge/repository/letmeask/actions/secrets/public-key 404
[debug] [2021-06-25T16:30:21.654Z] <<< [apiv2][body] GET https://api.github.com/repos/user/jorge/repository/letmeask/actions/secrets/public-key {"message":"Not Found","documentation_url":"https://docs.github.com/rest"}
[debug] [2021-06-25T16:30:50.413Z] >>> [apiv2][query] GET https://api.github.com/repos/c:user/jorge/repository/letmeask/actions/secrets/public-key type=owner
[debug] [2021-06-25T16:30:50.892Z] <<< [apiv2][status] GET https://api.github.com/repos/c:user/jorge/repository/letmeask/actions/secrets/public-key 404
[debug] [2021-06-25T16:30:50.892Z] <<< [apiv2][body] GET https://api.github.com/repos/c:user/jorge/repository/letmeask/actions/secrets/public-key {"message":"Not Found","documentation_url":"https://docs.github.com/rest"}
[debug] [2021-06-25T16:31:24.155Z] >>> [apiv2][query] GET https://api.github.com/repos/c:/users/jorge/repository/letmeask/actions/secrets/public-key type=owner
[debug] [2021-06-25T16:31:24.777Z] <<< [apiv2][status] GET https://api.github.com/repos/c:/users/jorge/repository/letmeask/actions/secrets/public-key 404
[debug] [2021-06-25T16:31:24.778Z] <<< [apiv2][body] GET https://api.github.com/repos/c:/users/jorge/repository/letmeask/actions/secrets/public-key {"message":"Not Found","documentation_url":"https://docs.github.com/rest"}
[debug] [2021-06-25T16:34:00.095Z] >>> [apiv2][query] GET https://api.github.com/repos/letmeask/actions/secrets/public-key type=owner
[debug] [2021-06-25T16:34:00.762Z] <<< [apiv2][status] GET https://api.github.com/repos/letmeask/actions/secrets/public-key 404
[debug] [2021-06-25T16:34:00.762Z] <<< [apiv2][body] GET https://api.github.com/repos/letmeask/actions/secrets/public-key {"message":"Not Found","documentation_url":"https://docs.github.com/rest"}
[debug] [2021-06-25T16:34:12.134Z] >>> [apiv2][query] GET https://api.github.com/repos/melguis/repository/letmeask/actions/secrets/public-key type=owner
[debug] [2021-06-25T16:34:12.698Z] <<< [apiv2][status] GET https://api.github.com/repos/melguis/repository/letmeask/actions/secrets/public-key 404
[debug] [2021-06-25T16:34:12.698Z] <<< [apiv2][body] GET https://api.github.com/repos/melguis/repository/letmeask/actions/secrets/public-key {"message":"Not Found","documentation_url":"https://docs.github.com/rest"}
[debug] [2021-06-25T16:38:24.392Z] >>> [apiv2][query] GET https://api.github.com/repos/user/letmeask/actions/secrets/public-key type=owner
[debug] [2021-06-25T16:38:24.997Z] <<< [apiv2][status] GET https://api.github.com/repos/user/letmeask/actions/secrets/public-key 404
[debug] [2021-06-25T16:38:24.997Z] <<< [apiv2][body] GET https://api.github.com/repos/user/letmeask/actions/secrets/public-key {"message":"Not Found","documentation_url":"https://docs.github.com/rest/reference/actions#get-a-repository-public-key"}
[debug] [2021-06-25T16:38:34.013Z] >>> [apiv2][query] GET https://api.github.com/repos/user/repository/actions/secrets/public-key type=owner
[debug] [2021-06-25T16:38:34.546Z] <<< [apiv2][status] GET https://api.github.com/repos/user/repository/actions/secrets/public-key 404
[debug] [2021-06-25T16:38:34.546Z] <<< [apiv2][body] GET https://api.github.com/repos/user/repository/actions/secrets/public-key {"message":"Not Found","documentation_url":"https://docs.github.com/rest/reference/actions#get-a-repository-public-key"}
[debug] [2021-06-25T16:38:40.225Z] >>> [apiv2][query] GET https://api.github.com/repos//actions/secrets/public-key type=owner
[debug] [2021-06-25T16:38:40.725Z] <<< [apiv2][status] GET https://api.github.com/repos//actions/secrets/public-key 404
[debug] [2021-06-25T16:38:40.726Z] <<< [apiv2][body] GET https://api.github.com/repos//actions/secrets/public-key {"message":"Not Found","documentation_url":"https://docs.github.com/rest"}
[debug] [2021-06-25T16:38:42.182Z] >>> [apiv2][query] GET https://api.github.com/repos/f/actions/secrets/public-key type=owner
[debug] [2021-06-25T16:38:42.719Z] <<< [apiv2][status] GET https://api.github.com/repos/f/actions/secrets/public-key 404
[debug] [2021-06-25T16:38:42.719Z] <<< [apiv2][body] GET https://api.github.com/repos/f/actions/secrets/public-key {"message":"Not Found","documentation_url":"https://docs.github.com/rest"}
[debug] [2021-06-25T17:05:26.947Z] >>> [apiv2][query] GET https://api.github.com/repos/https://github.com/Melguis/letmeask.git/actions/secrets/public-key type=owner
[debug] [2021-06-25T17:05:27.445Z] >>> [apiv2][query] GET https://api.github.com/repos//actions/secrets/public-key type=owner
[debug] [2021-06-25T17:05:27.572Z] <<< [apiv2][status] GET https://api.github.com/repos/https://github.com/Melguis/letmeask.git/actions/secrets/public-key 404
[debug] [2021-06-25T17:05:27.572Z] <<< [apiv2][body] GET https://api.github.com/repos/https://github.com/Melguis/letmeask.git/actions/secrets/public-key {"message":"Not Found","documentation_url":"https://docs.github.com/rest"}
[debug] [2021-06-25T17:05:27.904Z] <<< [apiv2][status] GET https://api.github.com/repos//actions/secrets/public-key 404
[debug] [2021-06-25T17:05:27.904Z] <<< [apiv2][body] GET https://api.github.com/repos//actions/secrets/public-key {"message":"Not Found","documentation_url":"https://docs.github.com/rest"}
[debug] [2021-06-25T17:05:34.449Z] >>> [apiv2][query] GET https://api.github.com/repos/https://github.com/Melguis/letmeask.git/actions/secrets/public-key type=owner
[debug] [2021-06-25T17:05:34.958Z] <<< [apiv2][status] GET https://api.github.com/repos/https://github.com/Melguis/letmeask.git/actions/secrets/public-key 404
[debug] [2021-06-25T17:05:34.958Z] <<< [apiv2][body] GET https://api.github.com/repos/https://github.com/Melguis/letmeask.git/actions/secrets/public-key {"message":"Not Found","documentation_url":"https://docs.github.com/rest"}
[debug] [2021-06-25T17:09:21.071Z] >>> [apiv2][query] GET https://api.github.com/repos/C:\Users\jorge\Repository/actions/secrets/public-key type=owner
[debug] [2021-06-25T17:09:21.727Z] <<< [apiv2][status] GET https://api.github.com/repos/C:\Users\jorge\Repository/actions/secrets/public-key 404
[debug] [2021-06-25T17:09:21.727Z] <<< [apiv2][body] GET https://api.github.com/repos/C:\Users\jorge\Repository/actions/secrets/public-key {"message":"Not Found","documentation_url":"https://docs.github.com/rest"}
[debug] [2021-06-25T17:09:30.213Z] >>> [apiv2][query] GET https://api.github.com/repos/C:\Users\jorge\Repository\letmeask/actions/secrets/public-key type=owner
[debug] [2021-06-25T17:09:30.708Z] <<< [apiv2][status] GET https://api.github.com/repos/C:\Users\jorge\Repository\letmeask/actions/secrets/public-key 404
[debug] [2021-06-25T17:09:30.708Z] <<< [apiv2][body] GET https://api.github.com/repos/C:\Users\jorge\Repository\letmeask/actions/secrets/public-key {"message":"Not Found","documentation_url":"https://docs.github.com/rest"}
[debug] [2021-06-25T17:09:44.205Z] >>> [apiv2][query] GET https://api.github.com/repos/jorge/repository/letmeask/actions/secrets/public-key type=owner
[debug] [2021-06-25T17:09:44.733Z] <<< [apiv2][status] GET https://api.github.com/repos/jorge/repository/letmeask/actions/secrets/public-key 404
[debug] [2021-06-25T17:09:44.734Z] <<< [apiv2][body] GET https://api.github.com/repos/jorge/repository/letmeask/actions/secrets/public-key {"message":"Not Found","documentation_url":"https://docs.github.com/rest"}
[debug] [2021-06-25T17:09:58.928Z] >>> [apiv2][query] GET https://api.github.com/repos/user/repository/letmeask/actions/secrets/public-key type=owner
[debug] [2021-06-25T17:09:59.419Z] <<< [apiv2][status] GET https://api.github.com/repos/user/repository/letmeask/actions/secrets/public-key 404
[debug] [2021-06-25T17:09:59.419Z] <<< [apiv2][body] GET https://api.github.com/repos/user/repository/letmeask/actions/secrets/public-key {"message":"Not Found","documentation_url":"https://docs.github.com/rest"}
[debug] [2021-06-25T17:12:12.539Z] >>> [apiv2][query] GET https://api.github.com/repos/https://github.com/Melguis/letmeask.git/actions/secrets/public-key type=owner
[debug] [2021-06-25T17:12:13.155Z] <<< [apiv2][status] GET https://api.github.com/repos/https://github.com/Melguis/letmeask.git/actions/secrets/public-key 404
[debug] [2021-06-25T17:12:13.155Z] <<< [apiv2][body] GET https://api.github.com/repos/https://github.com/Melguis/letmeask.git/actions/secrets/public-key {"message":"Not Found","documentation_url":"https://docs.github.com/rest"}
